Arguments: 
  /usr/local/bin/node /usr/local/Cellar/yarn/1.3.2/libexec/bin/yarn.js add lint-staged husky --dev

PATH: 
  /usr/local/opt/mongodb@3.4/bin:/usr/local/opt/mongodb@3.4/bin:/usr/local/opt/mongodb@3.4/bin:/usr/local/opt/mongodb@3.4/bin:/usr/local/bin:/Users/yhhong/anaconda2/bin:/usr/local/bin:/bin:/usr/bin:/usr/local/bin:/Users/yhhong/bin:/usr/local/bin:/usr/local/bin:/usr/bin:/bin:/usr/sbin:/sbin:/Library/Frameworks/Mono.framework/Versions/Current/Commands:/usr/local/mongodb/bin

Yarn version: 
  1.3.2

Node version: 
  8.9.4

Platform: 
  darwin x64

npm manifest: 
  {
    "name": "server",
    "version": "1.0.0",
    "description": "amazonon server",
    "main": "server.js",
    "scripts": {
      "test": "echo \"Error: no test specified\" && exit 1"
    },
    "author": "davislf2",
    "license": "ISC",
    "dependencies": {
      "body-parser": "^1.18.2",
      "cors": "^2.8.4",
      "express": "^4.16.3",
      "mongoose": "^5.0.11",
      "morgan": "^1.9.0",
      "nodemon": "^1.17.2"
    },
    "devDependencies": {
      "chai": "^4.1.2",
      "eslint": "^4.19.1",
      "eslint-config-airbnb-base": "^12.1.0",
      "eslint-plugin-import": "^2.11.0",
      "mocha": "^5.1.1",
      "prettier": "1.12.1",
      "sinon": "^4.5.0"
    }
  }

yarn manifest: 
  No manifest

Lockfile: 
  No lockfile

Trace: 
  Error: http://registry.npmjs.org/event-stream/-/event-stream-3.3.4.tgz: ETIMEDOUT
      at Timeout._onTimeout (/usr/local/Cellar/yarn/1.3.2/libexec/lib/cli.js:123749:19)
      at ontimeout (timers.js:475:11)
      at tryOnTimeout (timers.js:310:5)
      at Timer.listOnTimeout (timers.js:270:5)
